
STARTING BENCHMARK (SETUP): btrfs-sdc1-noop-btrfs-naMHz-dbserver-1wr-10rd-10fls-10mfsz-100sec  EPOCH: 1 / 1 THREAD: 1 / 1 SCRIPT: ./main-setup.sh sdc1 noop none SET_IOSCHED_FIRST_EPOCH btrfs FORMAT_FIRST_EPOCH na na "none" none 4096 "" ""

**MSTPSH** BLOCKSIZE enabled: Will format fs with 4096 as blocksize
BLKOPT = -s 4096
**MSTPSH** Setting up the system...
**MPSTPSH** Setting noop I/O scheduler...
**MPSTPSH** noop I/O scheduler was set successfully.
**MSTPSH** Formatting btrfs filesystem...
mkfs.btrfs -f -s 4096  /dev/sdc1
Turning ON incompat feature 'extref': increased hardlink limit per file to 65536

WARNING! - Btrfs v3.12 IS EXPERIMENTAL
WARNING! - see http://btrfs.wiki.kernel.org before using

fs created label (null) on /dev/sdc1
	nodesize 16384 leafsize 16384 sectorsize 4096 size 232.37GiB
Btrfs v3.12
Formatted with BTRFS
**MSTPSH** btrfs was successfully formatted.
**MSTPSH** Mounting btrfs filesystem...
mount -t btrfs  /dev/sdc1 /test/root 
**MSTPSH** btrfs was successfully mounted
CPUFREQ = na
**MSTPSH** CPU frequency is not applicable according to config...
**MSTPSH** Dirty ratio is kept default according to config...
**MSTPSH** System was successfully set up.

COMPLETED BENCHMARK (SETUP): btrfs-sdc1-noop-btrfs-naMHz-dbserver-1wr-10rd-10fls-10mfsz-100sec EPOCH: 1 / 1 THREAD 1 / 1 SCRIPT: ./main-setup.sh sdc1 noop none SET_IOSCHED_FIRST_EPOCH btrfs FORMAT_FIRST_EPOCH na na "none" none 4096 "" ""


STARTING BENCHMARK (EXEC): btrfs-sdc1-noop-btrfs-naMHz-dbserver-1wr-10rd-10fls-10mfsz-100sec  EPOCH: 1 / 1 THREAD: 1 / 1 SCRIPT: ./main.sh dbserver-1wr-10rd-10fls-10mfsz 100 100 yes "lcl" bench "/root/vass/linux-kernels/"

**MSH** Workload id: dbserver
**MSH** Workload parameters:
**MSH**  threads
**MSH** 10 files
**MSH** Generated .f file:
define fileset name=datafiles,path=/test/root,size=10m,entries=10,dirwidth=1024,prealloc=100,cached=0
define fileset name=logfile,path=/test/root,size=10m,entries=1,dirwidth=1024,prealloc=100,cached=0

define process name=lgwr,instances=1
{
  thread name=lgwr,memsize=1m,useism
  {
    flowop aiowrite name=lg-write,filesetname=logfile,
        iosize=256k,random,directio=0,dsync
    flowop aiowait name=lg-aiowait
    flowop semblock name=lg-block,value=3200,highwater=1000
  }
}
# Define database writer processes
define process name=dbwr,instances=1
{
  thread name=dbwr,memsize=1m,useism
  {
    flowop aiowrite name=dbwrite-a,filesetname=datafiles,
        iosize=2k,workingset=0,random,iters=100,opennext,directio=0,dsync
    flowop hog name=dbwr-hog,value=10000
    flowop semblock name=dbwr-block,value=1000,highwater=2000
    flowop aiowait name=dbwr-aiowait
  }
}

define process name=shadow,instances=10
{
  thread name=shadow,memsize=1m,useism
  {
    flowop read name=shadowread,filesetname=datafiles,
      iosize=2k,workingset=0,random,opennext,directio=0
    flowop hog name=shadowhog,value=5
    flowop sempost name=shadow-post-lg,value=1,target=lg-block,blocking
    flowop sempost name=shadow-post-dbwr,value=1,target=dbwr-block,blocking
    flowop eventlimit name=random-rate
  }
}
create fileset
system "sync"
system "echo 3 > /proc/sys/vm/drop_caches"
psrun -100 100
**MSH** Running Filebench
Filebench Version 1.4.9.1
26736: 0.000: Allocated 174MB of shared memory
26736: 0.004: Populating and pre-allocating filesets
26736: 0.005: logfile populated: 1 files, avg. dir. width = 0, avg. dir. depth = 0.0, 1024 leafdirs, 10.000MB total size
26736: 0.005: Removing logfile tree (if exists)
26736: 0.006: Pre-allocating directories in logfile tree
26736: 0.007: Pre-allocating files in logfile tree
26736: 0.012: Pre-allocated 1 of 1 files in logfile in 1 seconds
26736: 0.012: datafiles populated: 10 files, avg. dir. width = 0, avg. dir. depth = 0.3, 1024 leafdirs, 100.000MB total size
26736: 0.012: Removing datafiles tree (if exists)
26736: 0.014: Pre-allocating directories in datafiles tree
26736: 0.014: Pre-allocating files in datafiles tree
26736: 0.050: Pre-allocated 10 of 10 files in datafiles in 1 seconds
26736: 0.050: Waiting for pre-allocation to finish (in case of a parallel pre-allocation)
26736: 0.050: Population and pre-allocation of filesets completed
26736: 0.050: Running 'sync'
26736: 1.256: Running 'echo 3 > /proc/sys/vm/drop_caches'
26736: 1.279: Attempting to create fileset more than once, ignoring
26746: 1.279: Starting 10 shadow instances
26746: 1.280: Starting 1 dbwr instances
26746: 1.280: Starting 1 lgwr instances
26751: 1.379: Starting 1 shadow threads
26752: 1.379: Starting 1 shadow threads
26747: 1.379: Starting 1 shadow threads
26748: 1.379: Starting 1 shadow threads
26755: 1.380: Starting 1 shadow threads
26754: 1.380: Starting 1 shadow threads
26757: 1.380: Starting 1 dbwr threads
26753: 1.380: Starting 1 shadow threads
26758: 1.380: Starting 1 lgwr threads
26756: 1.380: Starting 1 shadow threads
26750: 1.380: Starting 1 shadow threads
26749: 1.380: Starting 1 shadow threads
26736: 10.382: Waiting for pid 26758 thread lgwr-1
26736: 11.383: Waiting for pid 26758 thread lgwr-1
26736: 20.384: Waiting for pid 26757 thread dbwr-1
26736: 21.385: Waiting for pid 26757 thread dbwr-1
26736: 30.387: Waiting for pid 26756 thread shadow-1
26736: 31.387: Waiting for pid 26756 thread shadow-1
26736: 40.389: Waiting for pid 26755 thread shadow-1
26736: 41.389: Waiting for pid 26755 thread shadow-1
26736: 50.391: Waiting for pid 26754 thread shadow-1
26736: 51.391: Waiting for pid 26754 thread shadow-1
26736: 60.393: Waiting for pid 26753 thread shadow-1
26736: 61.393: Waiting for pid 26753 thread shadow-1
26736: 70.395: Waiting for pid 26752 thread shadow-1
26736: 71.395: Waiting for pid 26752 thread shadow-1
26736: 80.397: Waiting for pid 26751 thread shadow-1
26736: 81.398: Waiting for pid 26751 thread shadow-1
26736: 90.400: Waiting for pid 26750 thread shadow-1
26736: 91.400: Waiting for pid 26750 thread shadow-1
26736: 100.402: Waiting for pid 26749 thread shadow-1
26736: 101.402: Waiting for pid 26749 thread shadow-1
26736: 110.404: Waiting for pid 26748 thread shadow-1
26736: 111.404: Waiting for pid 26748 thread shadow-1
26736: 120.406: Waiting for pid 26747 thread shadow-1
26736: 121.407: Waiting for pid 26747 thread shadow-1
26736: 122.407: Creating 12582912 bytes of ISM Shared Memory...
26736: 122.407: Allocated 12582912 bytes of ISM Shared Memory... at 7fffea76f000
26736: 122.407: Running...
26736: 222.416: Run took 100 seconds...
26736: 222.416: Per-Operation Breakdown
random-rate          0ops        0ops/s   0.0mb/s      0.0ms/op        0us/op-cpu [0ms - 0ms]
shadow-post-dbwr     604000ops     6039ops/s   0.0mb/s      1.3ms/op       16us/op-cpu [0ms - 696ms]
shadow-post-lg       604010ops     6040ops/s   0.0mb/s      0.0ms/op       17us/op-cpu [0ms - 32ms]
shadowhog            604010ops     6040ops/s   0.0mb/s      0.0ms/op       15us/op-cpu [0ms - 20ms]
shadowread           604110ops     6041ops/s  11.8mb/s      0.0ms/op       19us/op-cpu [0ms - 1377ms]
dbwr-aiowait         601ops        6ops/s   0.0mb/s      0.4ms/op      915us/op-cpu [0ms - 5ms]
dbwr-block           602ops        6ops/s   0.0mb/s      3.5ms/op      449us/op-cpu [0ms - 43ms]
dbwr-hog             602ops        6ops/s   0.0mb/s      0.0ms/op       33us/op-cpu [0ms - 8ms]
dbwrite-a            60210ops      602ops/s   1.2mb/s      0.0ms/op       29us/op-cpu [0ms - 8ms]
lg-block             188ops        2ops/s   0.0mb/s    529.0ms/op      426us/op-cpu [107ms - 1867ms]
lg-aiowait           189ops        2ops/s   0.0mb/s      0.0ms/op        0us/op-cpu [0ms - 0ms]
lg-write             190ops        2ops/s   0.5mb/s      0.0ms/op       53us/op-cpu [0ms - 0ms]
26736: 222.416: IO Summary: 665300 ops, 6652.406 ops/s, (6041/604 r/w),  13.4mb/s,    233us cpu/op,   0.0ms latency
26736: 222.416: Shutting down processes
26736: 224.558: Deleting ISM...
**MSH*** Filebench run is over.

COMPLETED BENCHMARK (EXEC): btrfs-sdc1-noop-btrfs-naMHz-dbserver-1wr-10rd-10fls-10mfsz-100sec EPOCH: 1 / 1 THREAD 1 / 1 SCRIPT: ./main.sh dbserver-1wr-10rd-10fls-10mfsz 100 100 yes "lcl" bench "/root/vass/linux-kernels/"


STARTING BENCHMARK (CLEANUP): btrfs-sdc1-noop-btrfs-naMHz-dbserver-1wr-10rd-10fls-10mfsz-100sec  EPOCH: 1 / 1 THREAD: 1 / 1 SCRIPT: ./cleanup.sh sdc1 btrfs

/dev/sdc1
**MSTPSH** /dev/sdc1 is mounted, trying to unmount...
**MSTPSH** /dev/sdc1 was successfully unmounted.

COMPLETED BENCHMARK (CLEANUP): btrfs-sdc1-noop-btrfs-naMHz-dbserver-1wr-10rd-10fls-10mfsz-100sec EPOCH: 1 / 1 THREAD 1 / 1 SCRIPT: ./cleanup.sh sdc1 btrfs

