
STARTING BENCHMARK (SETUP): btrfs-sdc1-noop-btrfs-naMHz-dbserver-1wr-10rd-10fls-10mfsz-100sec  EPOCH: 1 / 1 THREAD: 1 / 1 SCRIPT: ./main-setup.sh sdc1 noop none SET_IOSCHED_FIRST_EPOCH btrfs FORMAT_FIRST_EPOCH na na "none" none 4096 "" ""

**MSTPSH** BLOCKSIZE enabled: Will format fs with 4096 as blocksize
BLKOPT = -s 4096
**MSTPSH** Setting up the system...
**MPSTPSH** Setting noop I/O scheduler...
**MPSTPSH** noop I/O scheduler was set successfully.
**MSTPSH** Formatting btrfs filesystem...
mkfs.btrfs -f -s 4096  /dev/sdc1
Turning ON incompat feature 'extref': increased hardlink limit per file to 65536

WARNING! - Btrfs v3.12 IS EXPERIMENTAL
WARNING! - see http://btrfs.wiki.kernel.org before using

fs created label (null) on /dev/sdc1
	nodesize 16384 leafsize 16384 sectorsize 4096 size 232.37GiB
Btrfs v3.12
Formatted with BTRFS
**MSTPSH** btrfs was successfully formatted.
**MSTPSH** Mounting btrfs filesystem...
mount -t btrfs  /dev/sdc1 /test/root 
**MSTPSH** btrfs was successfully mounted
CPUFREQ = na
**MSTPSH** CPU frequency is not applicable according to config...
**MSTPSH** Dirty ratio is kept default according to config...
**MSTPSH** System was successfully set up.

COMPLETED BENCHMARK (SETUP): btrfs-sdc1-noop-btrfs-naMHz-dbserver-1wr-10rd-10fls-10mfsz-100sec EPOCH: 1 / 1 THREAD 1 / 1 SCRIPT: ./main-setup.sh sdc1 noop none SET_IOSCHED_FIRST_EPOCH btrfs FORMAT_FIRST_EPOCH na na "none" none 4096 "" ""


STARTING BENCHMARK (EXEC): btrfs-sdc1-noop-btrfs-naMHz-dbserver-1wr-10rd-10fls-10mfsz-100sec  EPOCH: 1 / 1 THREAD: 1 / 1 SCRIPT: ./main.sh dbserver-1wr-10rd-10fls-10mfsz 100 100 yes "lcl" bench "/root/vass/linux-kernels/"

**MSH** Workload id: dbserver
**MSH** Workload parameters:
**MSH**  threads
**MSH** 10 files
**MSH** Generated .f file:
define fileset name=datafiles,path=/test/root,size=10m,entries=10,dirwidth=1024,prealloc=100,cached=0
define fileset name=logfile,path=/test/root,size=10m,entries=1,dirwidth=1024,prealloc=100,cached=0

define process name=lgwr,instances=1
{
  thread name=lgwr,memsize=1m,useism
  {
    flowop aiowrite name=lg-write,filesetname=logfile,
        iosize=256k,random,directio=0,dsync
    flowop aiowait name=lg-aiowait
    flowop semblock name=lg-block,value=3200,highwater=1000
  }
}
# Define database writer processes
define process name=dbwr,instances=1
{
  thread name=dbwr,memsize=1m,useism
  {
    flowop aiowrite name=dbwrite-a,filesetname=datafiles,
        iosize=2k,workingset=0,random,iters=100,opennext,directio=0,dsync
    flowop hog name=dbwr-hog,value=10000
    flowop semblock name=dbwr-block,value=1000,highwater=2000
    flowop aiowait name=dbwr-aiowait
  }
}

define process name=shadow,instances=10
{
  thread name=shadow,memsize=1m,useism
  {
    flowop read name=shadowread,filesetname=datafiles,
      iosize=2k,workingset=0,random,opennext,directio=0
    flowop hog name=shadowhog,value=5
    flowop sempost name=shadow-post-lg,value=1,target=lg-block,blocking
    flowop sempost name=shadow-post-dbwr,value=1,target=dbwr-block,blocking
    flowop eventlimit name=random-rate
  }
}
create fileset
system "sync"
system "echo 3 > /proc/sys/vm/drop_caches"
psrun -100 100
**MSH** Running Filebench
Filebench Version 1.4.9.1
28652: 0.000: Allocated 174MB of shared memory
28652: 0.003: Populating and pre-allocating filesets
28652: 0.003: logfile populated: 1 files, avg. dir. width = 0, avg. dir. depth = 0.0, 1024 leafdirs, 10.000MB total size
28652: 0.003: Removing logfile tree (if exists)
28652: 0.004: Pre-allocating directories in logfile tree
28652: 0.004: Pre-allocating files in logfile tree
28652: 0.008: Pre-allocated 1 of 1 files in logfile in 1 seconds
28652: 0.008: datafiles populated: 10 files, avg. dir. width = 0, avg. dir. depth = 0.3, 1024 leafdirs, 100.000MB total size
28652: 0.008: Removing datafiles tree (if exists)
28652: 0.010: Pre-allocating directories in datafiles tree
28652: 0.010: Pre-allocating files in datafiles tree
28652: 0.044: Pre-allocated 10 of 10 files in datafiles in 1 seconds
28652: 0.044: Waiting for pre-allocation to finish (in case of a parallel pre-allocation)
28652: 0.044: Population and pre-allocation of filesets completed
28652: 0.044: Running 'sync'
28652: 1.233: Running 'echo 3 > /proc/sys/vm/drop_caches'
28652: 1.253: Attempting to create fileset more than once, ignoring
28663: 1.253: Starting 10 shadow instances
28663: 1.254: Starting 1 dbwr instances
28663: 1.254: Starting 1 lgwr instances
28673: 1.369: Starting 1 shadow threads
28674: 1.369: Starting 1 dbwr threads
28665: 1.369: Starting 1 shadow threads
28671: 1.369: Starting 1 shadow threads
28672: 1.370: Starting 1 shadow threads
28667: 1.370: Starting 1 shadow threads
28668: 1.370: Starting 1 shadow threads
28669: 1.370: Starting 1 shadow threads
28664: 1.370: Starting 1 shadow threads
28670: 1.370: Starting 1 shadow threads
28666: 1.370: Starting 1 shadow threads
28675: 1.370: Starting 1 lgwr threads
28652: 10.372: Waiting for pid 28675 thread lgwr-1
28652: 11.372: Waiting for pid 28675 thread lgwr-1
28652: 20.374: Waiting for pid 28674 thread dbwr-1
28652: 21.375: Waiting for pid 28674 thread dbwr-1
28652: 30.376: Waiting for pid 28673 thread shadow-1
28652: 31.377: Waiting for pid 28673 thread shadow-1
28652: 40.379: Waiting for pid 28672 thread shadow-1
28652: 41.379: Waiting for pid 28672 thread shadow-1
28652: 50.381: Waiting for pid 28671 thread shadow-1
28652: 51.381: Waiting for pid 28671 thread shadow-1
28652: 60.383: Waiting for pid 28670 thread shadow-1
28652: 61.383: Waiting for pid 28670 thread shadow-1
28652: 70.385: Waiting for pid 28669 thread shadow-1
28652: 71.385: Waiting for pid 28669 thread shadow-1
28652: 80.387: Waiting for pid 28668 thread shadow-1
28652: 81.387: Waiting for pid 28668 thread shadow-1
28652: 90.389: Waiting for pid 28667 thread shadow-1
28652: 91.390: Waiting for pid 28667 thread shadow-1
28652: 100.392: Waiting for pid 28666 thread shadow-1
28652: 101.392: Waiting for pid 28666 thread shadow-1
28652: 110.394: Waiting for pid 28665 thread shadow-1
28652: 111.394: Waiting for pid 28665 thread shadow-1
28652: 120.396: Waiting for pid 28664 thread shadow-1
28652: 121.396: Waiting for pid 28664 thread shadow-1
28652: 122.397: Creating 12582912 bytes of ISM Shared Memory...
28652: 122.397: Allocated 12582912 bytes of ISM Shared Memory... at 7fffea76f000
28652: 122.397: Running...
28652: 222.407: Run took 100 seconds...
28652: 222.407: Per-Operation Breakdown
random-rate          0ops        0ops/s   0.0mb/s      0.0ms/op        0us/op-cpu [0ms - 0ms]
shadow-post-dbwr     611000ops     6109ops/s   0.0mb/s      1.2ms/op       16us/op-cpu [0ms - 904ms]
shadow-post-lg       611010ops     6109ops/s   0.0mb/s      0.0ms/op       16us/op-cpu [0ms - 24ms]
shadowhog            611010ops     6109ops/s   0.0mb/s      0.0ms/op       16us/op-cpu [0ms - 35ms]
shadowread           611110ops     6110ops/s  11.9mb/s      0.0ms/op       18us/op-cpu [0ms - 32ms]
dbwr-aiowait         608ops        6ops/s   0.0mb/s      0.4ms/op      691us/op-cpu [0ms - 1ms]
dbwr-block           609ops        6ops/s   0.0mb/s      3.0ms/op      246us/op-cpu [0ms - 48ms]
dbwr-hog             609ops        6ops/s   0.0mb/s      0.0ms/op       16us/op-cpu [0ms - 0ms]
dbwrite-a            60910ops      609ops/s   1.2mb/s      0.0ms/op       31us/op-cpu [0ms - 8ms]
lg-block             190ops        2ops/s   0.0mb/s    522.8ms/op      263us/op-cpu [110ms - 1312ms]
lg-aiowait           191ops        2ops/s   0.0mb/s      0.0ms/op        0us/op-cpu [0ms - 0ms]
lg-write             192ops        2ops/s   0.5mb/s      0.0ms/op       52us/op-cpu [0ms - 0ms]
28652: 222.407: IO Summary: 673011 ops, 6729.427 ops/s, (6110/611 r/w),  13.6mb/s,    233us cpu/op,   0.0ms latency
28652: 222.407: Shutting down processes
28652: 224.520: Deleting ISM...
**MSH*** Filebench run is over.

COMPLETED BENCHMARK (EXEC): btrfs-sdc1-noop-btrfs-naMHz-dbserver-1wr-10rd-10fls-10mfsz-100sec EPOCH: 1 / 1 THREAD 1 / 1 SCRIPT: ./main.sh dbserver-1wr-10rd-10fls-10mfsz 100 100 yes "lcl" bench "/root/vass/linux-kernels/"


STARTING BENCHMARK (CLEANUP): btrfs-sdc1-noop-btrfs-naMHz-dbserver-1wr-10rd-10fls-10mfsz-100sec  EPOCH: 1 / 1 THREAD: 1 / 1 SCRIPT: ./cleanup.sh sdc1 btrfs

/dev/sdc1
**MSTPSH** /dev/sdc1 is mounted, trying to unmount...
**MSTPSH** /dev/sdc1 was successfully unmounted.

COMPLETED BENCHMARK (CLEANUP): btrfs-sdc1-noop-btrfs-naMHz-dbserver-1wr-10rd-10fls-10mfsz-100sec EPOCH: 1 / 1 THREAD 1 / 1 SCRIPT: ./cleanup.sh sdc1 btrfs

